<?xml version="1.0" encoding="UTF-8"?>
<!-- Generated by org.testng.reporters.JUnitReportReporter -->
<testsuite skipped="0" hostname="HP" name="org.maven.MavenDemo.TestNG" tests="2" failures="0" timestamp="28 May 2019 07:45:44 GMT" time="26.016" errors="0">
  <testcase name="test1" time="11.405" classname="org.maven.MavenDemo.TestNG"/>
  <testcase name="test1" time="14.611" classname="org.maven.MavenDemo.TestNG"/>
</testsuite> <!-- org.maven.MavenDemo.TestNG -->
